2018-07-27 09:35:14.026+0000 INFO  [o.n.u.b.i.BatchInserterImpl] Thread[main,5,main] Starting BatchInserter(EmbeddedBatchInserter[/home/anjali/Documents/delete/newintacthedb/neo4j.db])
2018-07-27 09:35:14.205+0000 INFO  [o.n.k.a.i.l.LuceneLabelScanStore] No lucene scan store index found, this might just be first use. Preparing to rebuild.
2018-07-27 09:35:14.217+0000 INFO  [o.n.k.a.i.l.LuceneLabelScanStore] Rebuilding lucene scan store, this may take a while
2018-07-27 09:35:14.268+0000 INFO  [o.n.k.a.i.l.LuceneLabelScanStore] Lucene scan store rebuilt (roughly 0 nodes)
2018-07-27 09:35:38.548+0000 WARN  [o.n.k.i.s.MetaDataStore] Missing counts store, rebuilding it.
2018-07-27 09:35:39.159+0000 INFO  [o.n.k.i.s.c.CountsTracker] About to rotate counts store at transaction 1 to [/home/anjali/Documents/delete/newintacthedb/neo4j.db/neostore.counts.db.b], from [/home/anjali/Documents/delete/newintacthedb/neo4j.db/neostore.counts.db.a].
2018-07-27 09:35:39.160+0000 INFO  [o.n.k.i.s.c.CountsTracker] Successfully rotated counts store at transaction 1 to [/home/anjali/Documents/delete/newintacthedb/neo4j.db/neostore.counts.db.b], from [/home/anjali/Documents/delete/newintacthedb/neo4j.db/neostore.counts.db.a].
2018-07-27 09:35:41.174+0000 INFO  [o.n.u.b.i.BatchInserterImpl] Thread[main,5,main] Clean shutdown on BatchInserter(EmbeddedBatchInserter[/home/anjali/Documents/delete/newintacthedb/neo4j.db])
2018-07-27 09:35:41.257+0000 INFO  [o.n.k.i.s.f.RecordFormatSelector] Selected RecordFormat:StandardV3_0[v0.A.7] record format from store /home/anjali/Documents/delete/newintacthedb/neo4j.db
2018-07-27 09:35:41.257+0000 INFO  [o.n.k.i.s.f.RecordFormatSelector] Format not configured. Selected format from the store: RecordFormat:StandardV3_0[v0.A.7]
2018-07-27 09:35:41.258+0000 INFO  [o.n.u.b.i.BatchInserterImpl] Thread[main,5,main] Starting BatchInserter(EmbeddedBatchInserter[/home/anjali/Documents/delete/newintacthedb/neo4j.db])
2018-07-27 09:37:42.370+0000 INFO  [o.n.k.i.s.c.CountsTracker] About to rotate counts store at transaction 1 to [/home/anjali/Documents/delete/newintacthedb/neo4j.db/neostore.counts.db.a], from [/home/anjali/Documents/delete/newintacthedb/neo4j.db/neostore.counts.db.b].
2018-07-27 09:37:42.376+0000 INFO  [o.n.k.i.s.c.CountsTracker] Successfully rotated counts store at transaction 1 to [/home/anjali/Documents/delete/newintacthedb/neo4j.db/neostore.counts.db.a], from [/home/anjali/Documents/delete/newintacthedb/neo4j.db/neostore.counts.db.b].
2018-07-27 09:37:44.948+0000 INFO  [o.n.u.b.i.BatchInserterImpl] Thread[main,5,main] Clean shutdown on BatchInserter(EmbeddedBatchInserter[/home/anjali/Documents/delete/newintacthedb/neo4j.db])
2018-07-27 09:38:21.437+0000 INFO  [o.n.k.i.s.f.RecordFormatSelector] Selected RecordFormat:StandardV3_0[v0.A.7] record format from store /home/anjali/Documents/delete/newintacthedb/neo4j.db
2018-07-27 09:38:21.437+0000 INFO  [o.n.k.i.s.f.RecordFormatSelector] Format not configured. Selected format from the store: RecordFormat:StandardV3_0[v0.A.7]
2018-07-27 09:38:21.438+0000 INFO  [o.n.u.b.i.BatchInserterImpl] Thread[main,5,main] Starting BatchInserter(EmbeddedBatchInserter[/home/anjali/Documents/delete/newintacthedb/neo4j.db])
2018-07-27 09:38:26.632+0000 INFO  [o.n.k.i.s.c.CountsTracker] About to rotate counts store at transaction 1 to [/home/anjali/Documents/delete/newintacthedb/neo4j.db/neostore.counts.db.b], from [/home/anjali/Documents/delete/newintacthedb/neo4j.db/neostore.counts.db.a].
2018-07-27 09:38:26.642+0000 INFO  [o.n.k.i.s.c.CountsTracker] Successfully rotated counts store at transaction 1 to [/home/anjali/Documents/delete/newintacthedb/neo4j.db/neostore.counts.db.b], from [/home/anjali/Documents/delete/newintacthedb/neo4j.db/neostore.counts.db.a].
2018-07-27 09:38:29.988+0000 INFO  [o.n.u.b.i.BatchInserterImpl] Thread[main,5,main] Clean shutdown on BatchInserter(EmbeddedBatchInserter[/home/anjali/Documents/delete/newintacthedb/neo4j.db])
